/Users/felipefernandez/trading_signals/venv/lib/python3.9/site-packages/urllib3/__init__.py:35: NotOpenSSLWarning: urllib3 v2 only supports OpenSSL 1.1.1+, currently the 'ssl' module is compiled with 'LibreSSL 2.8.3'. See: https://github.com/urllib3/urllib3/issues/3020
  warnings.warn(

[2026-04-28 21:35:03] Iniciando ciclo automático...
Horario: Fuera de horario (09:30-15:45 ET)
Posición: SQM | precio 89.47 | PnL -0.77%
/Users/felipefernandez/trading_signals/venv/lib/python3.9/site-packages/urllib3/__init__.py:35: NotOpenSSLWarning: urllib3 v2 only supports OpenSSL 1.1.1+, currently the 'ssl' module is compiled with 'LibreSSL 2.8.3'. See: https://github.com/urllib3/urllib3/issues/3020
  warnings.warn(

[2026-04-28 21:47:02] Iniciando ciclo automático...
Horario: Fuera de horario (09:30-15:45 ET)
Posición: SQM | precio 89.47 | PnL -0.77%
/Users/felipefernandez/trading_signals/venv/lib/python3.9/site-packages/urllib3/__init__.py:35: NotOpenSSLWarning: urllib3 v2 only supports OpenSSL 1.1.1+, currently the 'ssl' module is compiled with 'LibreSSL 2.8.3'. See: https://github.com/urllib3/urllib3/issues/3020
  warnings.warn(

[2026-04-28 22:04:04] Iniciando ciclo automático...
Horario: Fuera de horario (09:30-15:45 ET)
Posición: SQM | precio 89.47 | PnL -0.77%
/Users/felipefernandez/trading_signals/venv/lib/python3.9/site-packages/urllib3/__init__.py:35: NotOpenSSLWarning: urllib3 v2 only supports OpenSSL 1.1.1+, currently the 'ssl' module is compiled with 'LibreSSL 2.8.3'. See: https://github.com/urllib3/urllib3/issues/3020
  warnings.warn(

[2026-04-29 03:39:41] Iniciando ciclo automático...
Horario: Fuera de horario (09:30-15:45 ET)
Posición: SQM | precio 89.47 | PnL -0.77%
/Users/felipefernandez/trading_signals/venv/lib/python3.9/site-packages/urllib3/__init__.py:35: NotOpenSSLWarning: urllib3 v2 only supports OpenSSL 1.1.1+, currently the 'ssl' module is compiled with 'LibreSSL 2.8.3'. See: https://github.com/urllib3/urllib3/issues/3020
  warnings.warn(

[2026-04-29 03:45:03] Iniciando ciclo automático...
Horario: Fuera de horario (09:30-15:45 ET)
Posición: SQM | precio 89.47 | PnL -0.77%
/Users/felipefernandez/trading_signals/venv/lib/python3.9/site-packages/urllib3/__init__.py:35: NotOpenSSLWarning: urllib3 v2 only supports OpenSSL 1.1.1+, currently the 'ssl' module is compiled with 'LibreSSL 2.8.3'. See: https://github.com/urllib3/urllib3/issues/3020
  warnings.warn(

[2026-04-29 04:01:03] Iniciando ciclo automático...
Horario: Fuera de horario (09:30-15:45 ET)
Posición: SQM | precio 89.47 | PnL -0.77%
/Users/felipefernandez/trading_signals/venv/lib/python3.9/site-packages/urllib3/__init__.py:35: NotOpenSSLWarning: urllib3 v2 only supports OpenSSL 1.1.1+, currently the 'ssl' module is compiled with 'LibreSSL 2.8.3'. See: https://github.com/urllib3/urllib3/issues/3020
  warnings.warn(

[2026-04-29 08:30:00] Iniciando ciclo automático...
Horario: Fuera de horario (09:30-15:45 ET)
Posición: SQM | precio 89.47 | PnL -0.77%
/Users/felipefernandez/trading_signals/venv/lib/python3.9/site-packages/urllib3/__init__.py:35: NotOpenSSLWarning: urllib3 v2 only supports OpenSSL 1.1.1+, currently the 'ssl' module is compiled with 'LibreSSL 2.8.3'. See: https://github.com/urllib3/urllib3/issues/3020
  warnings.warn(

[2026-04-29 08:45:00] Iniciando ciclo automático...
Horario: Fuera de horario (09:30-15:45 ET)
Posición: SQM | precio 89.47 | PnL -0.77%
/Users/felipefernandez/trading_signals/venv/lib/python3.9/site-packages/urllib3/__init__.py:35: NotOpenSSLWarning: urllib3 v2 only supports OpenSSL 1.1.1+, currently the 'ssl' module is compiled with 'LibreSSL 2.8.3'. See: https://github.com/urllib3/urllib3/issues/3020
  warnings.warn(

[2026-04-29 09:00:00] Iniciando ciclo automático...
Horario: Fuera de horario (09:30-15:45 ET)
Posición: SQM | precio 89.47 | PnL -0.77%
/Users/felipefernandez/trading_signals/venv/lib/python3.9/site-packages/urllib3/__init__.py:35: NotOpenSSLWarning: urllib3 v2 only supports OpenSSL 1.1.1+, currently the 'ssl' module is compiled with 'LibreSSL 2.8.3'. See: https://github.com/urllib3/urllib3/issues/3020
  warnings.warn(

[2026-04-29 09:15:00] Iniciando ciclo automático...
Horario: Fuera de horario (09:30-15:45 ET)
Posición: SQM | precio 89.47 | PnL -0.77%
/Users/felipefernandez/trading_signals/venv/lib/python3.9/site-packages/urllib3/__init__.py:35: NotOpenSSLWarning: urllib3 v2 only supports OpenSSL 1.1.1+, currently the 'ssl' module is compiled with 'LibreSSL 2.8.3'. See: https://github.com/urllib3/urllib3/issues/3020
  warnings.warn(
Device set to use mps:0

[2026-04-29 09:30:00] Iniciando ciclo automático...
Horario: Mercado abierto
Ejecutando ciclo completo...
✅ 1 apertura(s):
   VENDER COPEC | Conv: 84.5%
❌ 3 señal(es) rechazada(s):
   BTC: Solo 2 fuentes < mínimo 3
   SQM: Ya existe posición abierta en SQM
   ECH: Convicción 60.7% < mínimo 80%
/Users/felipefernandez/trading_signals/venv/lib/python3.9/site-packages/urllib3/__init__.py:35: NotOpenSSLWarning: urllib3 v2 only supports OpenSSL 1.1.1+, currently the 'ssl' module is compiled with 'LibreSSL 2.8.3'. See: https://github.com/urllib3/urllib3/issues/3020
  warnings.warn(

[2026-04-29 09:45:00] Iniciando ciclo automático...
Horario: Mercado abierto
Ejecutando ciclo completo...
❌ 4 señal(es) rechazada(s):
   BTC: Solo 2 fuentes < mínimo 3
   SQM: Ya existe posición abierta en SQM
   COPEC: Ya existe posición abierta en COPEC
Sin operaciones en este ciclo — condiciones no cumplidas
/Users/felipefernandez/trading_signals/venv/lib/python3.9/site-packages/urllib3/__init__.py:35: NotOpenSSLWarning: urllib3 v2 only supports OpenSSL 1.1.1+, currently the 'ssl' module is compiled with 'LibreSSL 2.8.3'. See: https://github.com/urllib3/urllib3/issues/3020
  warnings.warn(
Device set to use mps:0

[2026-04-29 10:00:00] Iniciando ciclo automático...
Horario: Mercado abierto
Ejecutando ciclo completo...
❌ 5 señal(es) rechazada(s):
   BTC: Solo 2 fuentes < mínimo 3
   SQM: Ya existe posición abierta en SQM
   COPEC: Ya existe posición abierta en COPEC
Sin operaciones en este ciclo — condiciones no cumplidas
/Users/felipefernandez/trading_signals/venv/lib/python3.9/site-packages/urllib3/__init__.py:35: NotOpenSSLWarning: urllib3 v2 only supports OpenSSL 1.1.1+, currently the 'ssl' module is compiled with 'LibreSSL 2.8.3'. See: https://github.com/urllib3/urllib3/issues/3020
  warnings.warn(
Device set to use mps:0

[2026-04-29 10:15:01] Iniciando ciclo automático...
Horario: Mercado abierto
Ejecutando ciclo completo...
❌ 4 señal(es) rechazada(s):
   BTC: Solo 2 fuentes < mínimo 3
   SQM: Ya existe posición abierta en SQM
   COPEC: Ya existe posición abierta en COPEC
Sin operaciones en este ciclo — condiciones no cumplidas
/Users/felipefernandez/trading_signals/venv/lib/python3.9/site-packages/urllib3/__init__.py:35: NotOpenSSLWarning: urllib3 v2 only supports OpenSSL 1.1.1+, currently the 'ssl' module is compiled with 'LibreSSL 2.8.3'. See: https://github.com/urllib3/urllib3/issues/3020
  warnings.warn(

[2026-04-29 10:30:00] Iniciando ciclo automático...
Horario: Mercado abierto
Ejecutando ciclo completo...
❌ 4 señal(es) rechazada(s):
   BTC: Solo 2 fuentes < mínimo 3
   SQM: Ya existe posición abierta en SQM
   COPEC: Ya existe posición abierta en COPEC
Sin operaciones en este ciclo — condiciones no cumplidas
/Users/felipefernandez/trading_signals/venv/lib/python3.9/site-packages/urllib3/__init__.py:35: NotOpenSSLWarning: urllib3 v2 only supports OpenSSL 1.1.1+, currently the 'ssl' module is compiled with 'LibreSSL 2.8.3'. See: https://github.com/urllib3/urllib3/issues/3020
  warnings.warn(

[2026-04-29 10:45:00] Iniciando ciclo automático...
Horario: Mercado abierto
Ejecutando ciclo completo...
❌ 4 señal(es) rechazada(s):
   BTC: Solo 2 fuentes < mínimo 3
   SQM: Ya existe posición abierta en SQM
   COPEC: Ya existe posición abierta en COPEC
Sin operaciones en este ciclo — condiciones no cumplidas
/Users/felipefernandez/trading_signals/venv/lib/python3.9/site-packages/urllib3/__init__.py:35: NotOpenSSLWarning: urllib3 v2 only supports OpenSSL 1.1.1+, currently the 'ssl' module is compiled with 'LibreSSL 2.8.3'. See: https://github.com/urllib3/urllib3/issues/3020
  warnings.warn(

[2026-04-29 11:00:01] Iniciando ciclo automático...
Horario: Mercado abierto
Ejecutando ciclo completo...
❌ 4 señal(es) rechazada(s):
   BTC: Solo 2 fuentes < mínimo 3
   SQM: Ya existe posición abierta en SQM
   COPEC: Ya existe posición abierta en COPEC
Sin operaciones en este ciclo — condiciones no cumplidas
/Users/felipefernandez/trading_signals/venv/lib/python3.9/site-packages/urllib3/__init__.py:35: NotOpenSSLWarning: urllib3 v2 only supports OpenSSL 1.1.1+, currently the 'ssl' module is compiled with 'LibreSSL 2.8.3'. See: https://github.com/urllib3/urllib3/issues/3020
  warnings.warn(
Device set to use mps:0

[2026-04-29 11:15:01] Iniciando ciclo automático...
Horario: Mercado abierto
Ejecutando ciclo completo...
❌ 4 señal(es) rechazada(s):
   BTC: Solo 2 fuentes < mínimo 3
   SQM: Ya existe posición abierta en SQM
   COPEC: Ya existe posición abierta en COPEC
Sin operaciones en este ciclo — condiciones no cumplidas
/Users/felipefernandez/trading_signals/venv/lib/python3.9/site-packages/urllib3/__init__.py:35: NotOpenSSLWarning: urllib3 v2 only supports OpenSSL 1.1.1+, currently the 'ssl' module is compiled with 'LibreSSL 2.8.3'. See: https://github.com/urllib3/urllib3/issues/3020
  warnings.warn(

[2026-04-29 11:30:00] Iniciando ciclo automático...
Horario: Mercado abierto
Ejecutando ciclo completo...
❌ 4 señal(es) rechazada(s):
   BTC: Solo 2 fuentes < mínimo 3
   SQM: Ya existe posición abierta en SQM
   COPEC: Ya existe posición abierta en COPEC
Sin operaciones en este ciclo — condiciones no cumplidas
/Users/felipefernandez/trading_signals/venv/lib/python3.9/site-packages/urllib3/__init__.py:35: NotOpenSSLWarning: urllib3 v2 only supports OpenSSL 1.1.1+, currently the 'ssl' module is compiled with 'LibreSSL 2.8.3'. See: https://github.com/urllib3/urllib3/issues/3020
  warnings.warn(
Device set to use mps:0

[2026-04-29 11:45:01] Iniciando ciclo automático...
Horario: Mercado abierto
Ejecutando ciclo completo...
❌ 4 señal(es) rechazada(s):
   BTC: Solo 2 fuentes < mínimo 3
   SQM: Ya existe posición abierta en SQM
   COPEC: Ya existe posición abierta en COPEC
Sin operaciones en este ciclo — condiciones no cumplidas
/Users/felipefernandez/trading_signals/venv/lib/python3.9/site-packages/urllib3/__init__.py:35: NotOpenSSLWarning: urllib3 v2 only supports OpenSSL 1.1.1+, currently the 'ssl' module is compiled with 'LibreSSL 2.8.3'. See: https://github.com/urllib3/urllib3/issues/3020
  warnings.warn(
Device set to use mps:0

[2026-04-29 12:00:00] Iniciando ciclo automático...
Horario: Mercado abierto
Ejecutando ciclo completo...
❌ 4 señal(es) rechazada(s):
   BTC: Solo 2 fuentes < mínimo 3
   SQM: Ya existe posición abierta en SQM
   COPEC: Ya existe posición abierta en COPEC
Sin operaciones en este ciclo — condiciones no cumplidas
/Users/felipefernandez/trading_signals/venv/lib/python3.9/site-packages/urllib3/__init__.py:35: NotOpenSSLWarning: urllib3 v2 only supports OpenSSL 1.1.1+, currently the 'ssl' module is compiled with 'LibreSSL 2.8.3'. See: https://github.com/urllib3/urllib3/issues/3020
  warnings.warn(

[2026-04-29 12:15:00] Iniciando ciclo automático...
Horario: Mercado abierto
Ejecutando ciclo completo...
❌ 5 señal(es) rechazada(s):
   BTC: Solo 2 fuentes < mínimo 3
   SQM: Ya existe posición abierta en SQM
   COPEC: Convicción 78.6% < mínimo 80%
Sin operaciones en este ciclo — condiciones no cumplidas
/Users/felipefernandez/trading_signals/venv/lib/python3.9/site-packages/urllib3/__init__.py:35: NotOpenSSLWarning: urllib3 v2 only supports OpenSSL 1.1.1+, currently the 'ssl' module is compiled with 'LibreSSL 2.8.3'. See: https://github.com/urllib3/urllib3/issues/3020
  warnings.warn(

[2026-04-29 12:30:01] Iniciando ciclo automático...
Horario: Mercado abierto
Ejecutando ciclo completo...
❌ 5 señal(es) rechazada(s):
   BTC: Solo 2 fuentes < mínimo 3
   SQM: Ya existe posición abierta en SQM
   COPEC: Convicción 78.3% < mínimo 80%
Sin operaciones en este ciclo — condiciones no cumplidas
/Users/felipefernandez/trading_signals/venv/lib/python3.9/site-packages/urllib3/__init__.py:35: NotOpenSSLWarning: urllib3 v2 only supports OpenSSL 1.1.1+, currently the 'ssl' module is compiled with 'LibreSSL 2.8.3'. See: https://github.com/urllib3/urllib3/issues/3020
  warnings.warn(

[2026-04-29 12:45:00] Iniciando ciclo automático...
Horario: Mercado abierto
Ejecutando ciclo completo...
❌ 5 señal(es) rechazada(s):
   BTC: Solo 2 fuentes < mínimo 3
   SQM: Ya existe posición abierta en SQM
   COPEC: Convicción 78.0% < mínimo 80%
Sin operaciones en este ciclo — condiciones no cumplidas
/Users/felipefernandez/trading_signals/venv/lib/python3.9/site-packages/urllib3/__init__.py:35: NotOpenSSLWarning: urllib3 v2 only supports OpenSSL 1.1.1+, currently the 'ssl' module is compiled with 'LibreSSL 2.8.3'. See: https://github.com/urllib3/urllib3/issues/3020
  warnings.warn(

[2026-04-29 13:00:01] Iniciando ciclo automático...
Horario: Mercado abierto
Ejecutando ciclo completo...
❌ 5 señal(es) rechazada(s):
   BTC: Solo 2 fuentes < mínimo 3
   SQM: Ya existe posición abierta en SQM
   COPEC: Convicción 78.4% < mínimo 80%
Sin operaciones en este ciclo — condiciones no cumplidas
/Users/felipefernandez/trading_signals/venv/lib/python3.9/site-packages/urllib3/__init__.py:35: NotOpenSSLWarning: urllib3 v2 only supports OpenSSL 1.1.1+, currently the 'ssl' module is compiled with 'LibreSSL 2.8.3'. See: https://github.com/urllib3/urllib3/issues/3020
  warnings.warn(

[2026-04-29 13:15:00] Iniciando ciclo automático...
Horario: Mercado abierto
Ejecutando ciclo completo...
❌ 5 señal(es) rechazada(s):
   SQM: Solo 2 fuentes < mínimo 3
   BTC: Solo 2 fuentes < mínimo 3
   COPEC: Convicción 77.8% < mínimo 80%
Sin operaciones en este ciclo — condiciones no cumplidas
/Users/felipefernandez/trading_signals/venv/lib/python3.9/site-packages/urllib3/__init__.py:35: NotOpenSSLWarning: urllib3 v2 only supports OpenSSL 1.1.1+, currently the 'ssl' module is compiled with 'LibreSSL 2.8.3'. See: https://github.com/urllib3/urllib3/issues/3020
  warnings.warn(
Device set to use mps:0

[2026-04-29 13:32:27] Iniciando ciclo automático...
Horario: Mercado abierto
Ejecutando ciclo completo...
❌ 5 señal(es) rechazada(s):
   BTC: Solo 2 fuentes < mínimo 3
   SQM: Ya existe posición abierta en SQM
   COPEC: Convicción 77.4% < mínimo 80%
Sin operaciones en este ciclo — condiciones no cumplidas
/Users/felipefernandez/trading_signals/venv/lib/python3.9/site-packages/urllib3/__init__.py:35: NotOpenSSLWarning: urllib3 v2 only supports OpenSSL 1.1.1+, currently the 'ssl' module is compiled with 'LibreSSL 2.8.3'. See: https://github.com/urllib3/urllib3/issues/3020
  warnings.warn(

[2026-04-29 13:45:01] Iniciando ciclo automático...
Horario: Mercado abierto
Ejecutando ciclo completo...
❌ 5 señal(es) rechazada(s):
   BTC: Solo 2 fuentes < mínimo 3
   SQM: Ya existe posición abierta en SQM
   COPEC: Convicción 78.6% < mínimo 80%
Sin operaciones en este ciclo — condiciones no cumplidas
/Users/felipefernandez/trading_signals/venv/lib/python3.9/site-packages/urllib3/__init__.py:35: NotOpenSSLWarning: urllib3 v2 only supports OpenSSL 1.1.1+, currently the 'ssl' module is compiled with 'LibreSSL 2.8.3'. See: https://github.com/urllib3/urllib3/issues/3020
  warnings.warn(

[2026-04-29 14:00:01] Iniciando ciclo automático...
Horario: Mercado abierto
Ejecutando ciclo completo...
❌ 5 señal(es) rechazada(s):
   BTC: Solo 2 fuentes < mínimo 3
   SQM: Ya existe posición abierta en SQM
   COPEC: Convicción 78.1% < mínimo 80%
Sin operaciones en este ciclo — condiciones no cumplidas
/Users/felipefernandez/trading_signals/venv/lib/python3.9/site-packages/urllib3/__init__.py:35: NotOpenSSLWarning: urllib3 v2 only supports OpenSSL 1.1.1+, currently the 'ssl' module is compiled with 'LibreSSL 2.8.3'. See: https://github.com/urllib3/urllib3/issues/3020
  warnings.warn(
Device set to use mps:0

[2026-04-29 14:15:01] Iniciando ciclo automático...
Horario: Mercado abierto
Ejecutando ciclo completo...
❌ 4 señal(es) rechazada(s):
   SQM: Ya existe posición abierta en SQM
   BTC: Solo 2 fuentes < mínimo 3
   COPEC: Convicción 79.4% < mínimo 80%
Sin operaciones en este ciclo — condiciones no cumplidas
/Users/felipefernandez/trading_signals/venv/lib/python3.9/site-packages/urllib3/__init__.py:35: NotOpenSSLWarning: urllib3 v2 only supports OpenSSL 1.1.1+, currently the 'ssl' module is compiled with 'LibreSSL 2.8.3'. See: https://github.com/urllib3/urllib3/issues/3020
  warnings.warn(

[2026-04-29 14:30:01] Iniciando ciclo automático...
Horario: Mercado abierto
Ejecutando ciclo completo...
❌ 5 señal(es) rechazada(s):
   SQM: Ya existe posición abierta en SQM
   BTC: Solo 2 fuentes < mínimo 3
   COPEC: Convicción 79.5% < mínimo 80%
Sin operaciones en este ciclo — condiciones no cumplidas
/Users/felipefernandez/trading_signals/venv/lib/python3.9/site-packages/urllib3/__init__.py:35: NotOpenSSLWarning: urllib3 v2 only supports OpenSSL 1.1.1+, currently the 'ssl' module is compiled with 'LibreSSL 2.8.3'. See: https://github.com/urllib3/urllib3/issues/3020
  warnings.warn(

[2026-04-29 14:45:00] Iniciando ciclo automático...
Horario: Mercado abierto
Ejecutando ciclo completo...
❌ 5 señal(es) rechazada(s):
   SQM: Ya existe posición abierta en SQM
   BTC: Solo 2 fuentes < mínimo 3
   COPEC: Convicción 78.9% < mínimo 80%
Sin operaciones en este ciclo — condiciones no cumplidas
/Users/felipefernandez/trading_signals/venv/lib/python3.9/site-packages/urllib3/__init__.py:35: NotOpenSSLWarning: urllib3 v2 only supports OpenSSL 1.1.1+, currently the 'ssl' module is compiled with 'LibreSSL 2.8.3'. See: https://github.com/urllib3/urllib3/issues/3020
  warnings.warn(

[2026-04-29 15:00:00] Iniciando ciclo automático...
Horario: Mercado abierto
Ejecutando ciclo completo...
❌ 5 señal(es) rechazada(s):
   SQM: Ya existe posición abierta en SQM
   BTC: Solo 2 fuentes < mínimo 3
   COPEC: Convicción 78.7% < mínimo 80%
Sin operaciones en este ciclo — condiciones no cumplidas
/Users/felipefernandez/trading_signals/venv/lib/python3.9/site-packages/urllib3/__init__.py:35: NotOpenSSLWarning: urllib3 v2 only supports OpenSSL 1.1.1+, currently the 'ssl' module is compiled with 'LibreSSL 2.8.3'. See: https://github.com/urllib3/urllib3/issues/3020
  warnings.warn(

[2026-04-29 15:15:00] Iniciando ciclo automático...
Horario: Mercado abierto
Ejecutando ciclo completo...
Error macro USA [^TNX]: 'NoneType' object is not subscriptable
❌ 5 señal(es) rechazada(s):
   SQM: Ya existe posición abierta en SQM
   BTC: Solo 2 fuentes < mínimo 3
   COPEC: Convicción 78.6% < mínimo 80%
Sin operaciones en este ciclo — condiciones no cumplidas
/Users/felipefernandez/trading_signals/venv/lib/python3.9/site-packages/urllib3/__init__.py:35: NotOpenSSLWarning: urllib3 v2 only supports OpenSSL 1.1.1+, currently the 'ssl' module is compiled with 'LibreSSL 2.8.3'. See: https://github.com/urllib3/urllib3/issues/3020
  warnings.warn(

[2026-04-29 15:30:01] Iniciando ciclo automático...
Horario: Mercado abierto
Ejecutando ciclo completo...
❌ 5 señal(es) rechazada(s):
   BTC: Solo 2 fuentes < mínimo 3
   SQM: Ya existe posición abierta en SQM
   COPEC: Convicción 77.6% < mínimo 80%
Sin operaciones en este ciclo — condiciones no cumplidas
/Users/felipefernandez/trading_signals/venv/lib/python3.9/site-packages/urllib3/__init__.py:35: NotOpenSSLWarning: urllib3 v2 only supports OpenSSL 1.1.1+, currently the 'ssl' module is compiled with 'LibreSSL 2.8.3'. See: https://github.com/urllib3/urllib3/issues/3020
  warnings.warn(

[2026-04-29 15:45:00] Iniciando ciclo automático...
Horario: Fuera de horario (09:30-15:45 ET)
Posición: SQM | precio 91.18 | PnL -2.69%
Posición: COPEC | precio 6,548.00 | PnL -0.51%
/Users/felipefernandez/trading_signals/venv/lib/python3.9/site-packages/urllib3/__init__.py:35: NotOpenSSLWarning: urllib3 v2 only supports OpenSSL 1.1.1+, currently the 'ssl' module is compiled with 'LibreSSL 2.8.3'. See: https://github.com/urllib3/urllib3/issues/3020
  warnings.warn(

[2026-04-29 16:00:00] Iniciando ciclo automático...
Horario: Fuera de horario (09:30-15:45 ET)
Posición: SQM | precio 91.04 | PnL -2.53%
Posición: COPEC | precio 6,540.00 | PnL -0.38%
/Users/felipefernandez/trading_signals/venv/lib/python3.9/site-packages/urllib3/__init__.py:35: NotOpenSSLWarning: urllib3 v2 only supports OpenSSL 1.1.1+, currently the 'ssl' module is compiled with 'LibreSSL 2.8.3'. See: https://github.com/urllib3/urllib3/issues/3020
  warnings.warn(

[2026-04-29 16:15:00] Iniciando ciclo automático...
Horario: Fuera de horario (09:30-15:45 ET)
Posición: SQM | precio 91.03 | PnL -2.52%
Posición: COPEC | precio 6,580.00 | PnL -1.00%
/Users/felipefernandez/trading_signals/venv/lib/python3.9/site-packages/urllib3/__init__.py:35: NotOpenSSLWarning: urllib3 v2 only supports OpenSSL 1.1.1+, currently the 'ssl' module is compiled with 'LibreSSL 2.8.3'. See: https://github.com/urllib3/urllib3/issues/3020
  warnings.warn(

[2026-04-29 16:45:01] Iniciando ciclo automático...
Horario: Fuera de horario (09:30-15:45 ET)
Posición: SQM | precio 91.02 | PnL -2.51%
Posición: COPEC | precio 6,400.00 | PnL +1.77%
/Users/felipefernandez/trading_signals/venv/lib/python3.9/site-packages/urllib3/__init__.py:35: NotOpenSSLWarning: urllib3 v2 only supports OpenSSL 1.1.1+, currently the 'ssl' module is compiled with 'LibreSSL 2.8.3'. See: https://github.com/urllib3/urllib3/issues/3020
  warnings.warn(

[2026-04-29 17:00:00] Iniciando ciclo automático...
Horario: Fuera de horario (09:30-15:45 ET)
Posición: SQM | precio 91.02 | PnL -2.51%
Posición: COPEC | precio 6,530.00 | PnL -0.23%
/Users/felipefernandez/trading_signals/venv/lib/python3.9/site-packages/urllib3/__init__.py:35: NotOpenSSLWarning: urllib3 v2 only supports OpenSSL 1.1.1+, currently the 'ssl' module is compiled with 'LibreSSL 2.8.3'. See: https://github.com/urllib3/urllib3/issues/3020
  warnings.warn(

[2026-04-29 17:15:00] Iniciando ciclo automático...
Horario: Fuera de horario (09:30-15:45 ET)
Posición: SQM | precio 91.02 | PnL -2.51%
Posición: COPEC | precio 6,530.00 | PnL -0.23%
/Users/felipefernandez/trading_signals/venv/lib/python3.9/site-packages/urllib3/__init__.py:35: NotOpenSSLWarning: urllib3 v2 only supports OpenSSL 1.1.1+, currently the 'ssl' module is compiled with 'LibreSSL 2.8.3'. See: https://github.com/urllib3/urllib3/issues/3020
  warnings.warn(

[2026-04-29 17:30:00] Iniciando ciclo automático...
Horario: Fuera de horario (09:30-15:45 ET)
Posición: SQM | precio 91.02 | PnL -2.51%
Posición: COPEC | precio 6,530.00 | PnL -0.23%
/Users/felipefernandez/trading_signals/venv/lib/python3.9/site-packages/urllib3/__init__.py:35: NotOpenSSLWarning: urllib3 v2 only supports OpenSSL 1.1.1+, currently the 'ssl' module is compiled with 'LibreSSL 2.8.3'. See: https://github.com/urllib3/urllib3/issues/3020
  warnings.warn(

[2026-04-29 18:30:00] Iniciando ciclo automático...
Horario: Fuera de horario (09:30-15:45 ET)
Posición: SQM | precio 91.02 | PnL -2.51%
Posición: COPEC | precio 6,530.00 | PnL -0.23%
/Users/felipefernandez/trading_signals/venv/lib/python3.9/site-packages/urllib3/__init__.py:35: NotOpenSSLWarning: urllib3 v2 only supports OpenSSL 1.1.1+, currently the 'ssl' module is compiled with 'LibreSSL 2.8.3'. See: https://github.com/urllib3/urllib3/issues/3020
  warnings.warn(

[2026-04-29 18:45:00] Iniciando ciclo automático...
Horario: Fuera de horario (09:30-15:45 ET)
Posición: SQM | precio 91.02 | PnL -2.51%
Posición: COPEC | precio 6,530.00 | PnL -0.23%
/Users/felipefernandez/trading_signals/venv/lib/python3.9/site-packages/urllib3/__init__.py:35: NotOpenSSLWarning: urllib3 v2 only supports OpenSSL 1.1.1+, currently the 'ssl' module is compiled with 'LibreSSL 2.8.3'. See: https://github.com/urllib3/urllib3/issues/3020
  warnings.warn(

[2026-04-29 19:00:00] Iniciando ciclo automático...
Horario: Fuera de horario (09:30-15:45 ET)
Posición: SQM | precio 91.02 | PnL -2.51%
Posición: COPEC | precio 6,530.00 | PnL -0.23%
/Users/felipefernandez/trading_signals/venv/lib/python3.9/site-packages/urllib3/__init__.py:35: NotOpenSSLWarning: urllib3 v2 only supports OpenSSL 1.1.1+, currently the 'ssl' module is compiled with 'LibreSSL 2.8.3'. See: https://github.com/urllib3/urllib3/issues/3020
  warnings.warn(

[2026-04-29 19:15:00] Iniciando ciclo automático...
Horario: Fuera de horario (09:30-15:45 ET)
Posición: SQM | precio 91.02 | PnL -2.51%
Posición: COPEC | precio 6,530.00 | PnL -0.23%
/Users/felipefernandez/trading_signals/venv/lib/python3.9/site-packages/urllib3/__init__.py:35: NotOpenSSLWarning: urllib3 v2 only supports OpenSSL 1.1.1+, currently the 'ssl' module is compiled with 'LibreSSL 2.8.3'. See: https://github.com/urllib3/urllib3/issues/3020
  warnings.warn(

[2026-04-29 19:30:00] Iniciando ciclo automático...
Horario: Fuera de horario (09:30-15:45 ET)
Posición: SQM | precio 91.02 | PnL -2.51%
Posición: COPEC | precio 6,530.00 | PnL -0.23%
/Users/felipefernandez/trading_signals/venv/lib/python3.9/site-packages/urllib3/__init__.py:35: NotOpenSSLWarning: urllib3 v2 only supports OpenSSL 1.1.1+, currently the 'ssl' module is compiled with 'LibreSSL 2.8.3'. See: https://github.com/urllib3/urllib3/issues/3020
  warnings.warn(

[2026-04-29 20:18:03] Iniciando ciclo automático...
Horario: Fuera de horario (09:30-15:45 ET)
Posición: SQM | precio 91.02 | PnL -2.51%
Posición: COPEC | precio 6,530.00 | PnL -0.23%
/Users/felipefernandez/trading_signals/venv/lib/python3.9/site-packages/urllib3/__init__.py:35: NotOpenSSLWarning: urllib3 v2 only supports OpenSSL 1.1.1+, currently the 'ssl' module is compiled with 'LibreSSL 2.8.3'. See: https://github.com/urllib3/urllib3/issues/3020
  warnings.warn(

[2026-04-29 21:46:04] Iniciando ciclo automático...
Horario: Fuera de horario (09:30-15:45 ET)
Posición: SQM | precio 91.02 | PnL -2.51%
Posición: COPEC | precio 6,530.00 | PnL -0.23%
/Users/felipefernandez/trading_signals/venv/lib/python3.9/site-packages/urllib3/__init__.py:35: NotOpenSSLWarning: urllib3 v2 only supports OpenSSL 1.1.1+, currently the 'ssl' module is compiled with 'LibreSSL 2.8.3'. See: https://github.com/urllib3/urllib3/issues/3020
  warnings.warn(

[2026-04-30 08:30:01] Iniciando ciclo automático...
Horario: Fuera de horario (09:30-15:45 ET)
Posición: SQM | precio 91.02 | PnL -2.51%
Posición: COPEC | precio 6,530.00 | PnL -0.23%
/Users/felipefernandez/trading_signals/venv/lib/python3.9/site-packages/urllib3/__init__.py:35: NotOpenSSLWarning: urllib3 v2 only supports OpenSSL 1.1.1+, currently the 'ssl' module is compiled with 'LibreSSL 2.8.3'. See: https://github.com/urllib3/urllib3/issues/3020
  warnings.warn(

[2026-04-30 08:45:00] Iniciando ciclo automático...
Horario: Fuera de horario (09:30-15:45 ET)
Posición: SQM | precio 91.02 | PnL -2.51%
Posición: COPEC | precio 6,530.00 | PnL -0.23%
/Users/felipefernandez/trading_signals/venv/lib/python3.9/site-packages/urllib3/__init__.py:35: NotOpenSSLWarning: urllib3 v2 only supports OpenSSL 1.1.1+, currently the 'ssl' module is compiled with 'LibreSSL 2.8.3'. See: https://github.com/urllib3/urllib3/issues/3020
  warnings.warn(

[2026-04-30 09:01:56] Iniciando ciclo automático...
Horario: Fuera de horario (09:30-15:45 ET)
Posición: SQM | precio 91.02 | PnL -2.51%
Posición: COPEC | precio 6,530.00 | PnL -0.23%
/Users/felipefernandez/trading_signals/venv/lib/python3.9/site-packages/urllib3/__init__.py:35: NotOpenSSLWarning: urllib3 v2 only supports OpenSSL 1.1.1+, currently the 'ssl' module is compiled with 'LibreSSL 2.8.3'. See: https://github.com/urllib3/urllib3/issues/3020
  warnings.warn(

[2026-04-30 09:15:01] Iniciando ciclo automático...
Horario: Fuera de horario (09:30-15:45 ET)
Posición: SQM | precio 91.02 | PnL -2.51%
Posición: COPEC | precio 6,530.00 | PnL -0.23%
/Users/felipefernandez/trading_signals/venv/lib/python3.9/site-packages/urllib3/__init__.py:35: NotOpenSSLWarning: urllib3 v2 only supports OpenSSL 1.1.1+, currently the 'ssl' module is compiled with 'LibreSSL 2.8.3'. See: https://github.com/urllib3/urllib3/issues/3020
  warnings.warn(

[2026-04-30 09:30:01] Iniciando ciclo automático...
Horario: Mercado abierto
Ejecutando ciclo completo...
❌ 5 señal(es) rechazada(s):
   BTC: Solo 2 fuentes < mínimo 3
   COPEC: Ya existe posición abierta en COPEC
   SQM: Convicción 63.2% < mínimo 80%
Sin operaciones en este ciclo — condiciones no cumplidas
/Users/felipefernandez/trading_signals/venv/lib/python3.9/site-packages/urllib3/__init__.py:35: NotOpenSSLWarning: urllib3 v2 only supports OpenSSL 1.1.1+, currently the 'ssl' module is compiled with 'LibreSSL 2.8.3'. See: https://github.com/urllib3/urllib3/issues/3020
  warnings.warn(

[2026-04-30 09:45:00] Iniciando ciclo automático...
Horario: Mercado abierto
Ejecutando ciclo completo...
❌ 5 señal(es) rechazada(s):
   BTC: Solo 2 fuentes < mínimo 3
   COPEC: Ya existe posición abierta en COPEC
   SQM: Convicción 60.8% < mínimo 80%
Sin operaciones en este ciclo — condiciones no cumplidas
/Users/felipefernandez/trading_signals/venv/lib/python3.9/site-packages/urllib3/__init__.py:35: NotOpenSSLWarning: urllib3 v2 only supports OpenSSL 1.1.1+, currently the 'ssl' module is compiled with 'LibreSSL 2.8.3'. See: https://github.com/urllib3/urllib3/issues/3020
  warnings.warn(

[2026-04-30 10:00:00] Iniciando ciclo automático...
Horario: Mercado abierto
Ejecutando ciclo completo...
❌ 3 señal(es) rechazada(s):
   BTC: Solo 2 fuentes < mínimo 3
   COPEC: Ya existe posición abierta en COPEC
   SQM: Convicción 59.9% < mínimo 80%
Sin operaciones en este ciclo — condiciones no cumplidas
/Users/felipefernandez/trading_signals/venv/lib/python3.9/site-packages/urllib3/__init__.py:35: NotOpenSSLWarning: urllib3 v2 only supports OpenSSL 1.1.1+, currently the 'ssl' module is compiled with 'LibreSSL 2.8.3'. See: https://github.com/urllib3/urllib3/issues/3020
  warnings.warn(

[2026-04-30 10:15:01] Iniciando ciclo automático...
Horario: Mercado abierto
Ejecutando ciclo completo...
❌ 4 señal(es) rechazada(s):
   BTC: Solo 2 fuentes < mínimo 3
   COPEC: Ya existe posición abierta en COPEC
   SQM: Convicción 63.3% < mínimo 80%
Sin operaciones en este ciclo — condiciones no cumplidas
/Users/felipefernandez/trading_signals/venv/lib/python3.9/site-packages/urllib3/__init__.py:35: NotOpenSSLWarning: urllib3 v2 only supports OpenSSL 1.1.1+, currently the 'ssl' module is compiled with 'LibreSSL 2.8.3'. See: https://github.com/urllib3/urllib3/issues/3020
  warnings.warn(
Device set to use mps:0

[2026-04-30 10:30:00] Iniciando ciclo automático...
Horario: Mercado abierto
Ejecutando ciclo completo...
❌ 3 señal(es) rechazada(s):
   SQM: Ya existe posición abierta en SQM
   BTC: Solo 2 fuentes < mínimo 3
   COPEC: Convicción 79.0% < mínimo 80%
Sin operaciones en este ciclo — condiciones no cumplidas
/Users/felipefernandez/trading_signals/venv/lib/python3.9/site-packages/urllib3/__init__.py:35: NotOpenSSLWarning: urllib3 v2 only supports OpenSSL 1.1.1+, currently the 'ssl' module is compiled with 'LibreSSL 2.8.3'. See: https://github.com/urllib3/urllib3/issues/3020
  warnings.warn(

[2026-04-30 10:45:00] Iniciando ciclo automático...
Horario: Mercado abierto
Ejecutando ciclo completo...
❌ 3 señal(es) rechazada(s):
   SQM: Ya existe posición abierta en SQM
   BTC: Solo 2 fuentes < mínimo 3
   COPEC: Convicción 78.7% < mínimo 80%
Sin operaciones en este ciclo — condiciones no cumplidas
/Users/felipefernandez/trading_signals/venv/lib/python3.9/site-packages/urllib3/__init__.py:35: NotOpenSSLWarning: urllib3 v2 only supports OpenSSL 1.1.1+, currently the 'ssl' module is compiled with 'LibreSSL 2.8.3'. See: https://github.com/urllib3/urllib3/issues/3020
  warnings.warn(
Device set to use mps:0

[2026-04-30 11:00:01] Iniciando ciclo automático...
Horario: Mercado abierto
Ejecutando ciclo completo...
❌ 3 señal(es) rechazada(s):
   SQM: Ya existe posición abierta en SQM
   BTC: Solo 2 fuentes < mínimo 3
   COPEC: Convicción 78.4% < mínimo 80%
Sin operaciones en este ciclo — condiciones no cumplidas
/Users/felipefernandez/trading_signals/venv/lib/python3.9/site-packages/urllib3/__init__.py:35: NotOpenSSLWarning: urllib3 v2 only supports OpenSSL 1.1.1+, currently the 'ssl' module is compiled with 'LibreSSL 2.8.3'. See: https://github.com/urllib3/urllib3/issues/3020
  warnings.warn(

[2026-04-30 11:15:00] Iniciando ciclo automático...
Horario: Mercado abierto
Ejecutando ciclo completo...
❌ 3 señal(es) rechazada(s):
   SQM: Ya existe posición abierta en SQM
   BTC: Solo 2 fuentes < mínimo 3
   COPEC: Convicción 77.9% < mínimo 80%
Sin operaciones en este ciclo — condiciones no cumplidas
/Users/felipefernandez/trading_signals/venv/lib/python3.9/site-packages/urllib3/__init__.py:35: NotOpenSSLWarning: urllib3 v2 only supports OpenSSL 1.1.1+, currently the 'ssl' module is compiled with 'LibreSSL 2.8.3'. See: https://github.com/urllib3/urllib3/issues/3020
  warnings.warn(

[2026-04-30 11:30:00] Iniciando ciclo automático...
Horario: Mercado abierto
Ejecutando ciclo completo...
❌ 3 señal(es) rechazada(s):
   SQM: Ya existe posición abierta en SQM
   BTC: Solo 2 fuentes < mínimo 3
   COPEC: Convicción 79.2% < mínimo 80%
Sin operaciones en este ciclo — condiciones no cumplidas
/Users/felipefernandez/trading_signals/venv/lib/python3.9/site-packages/urllib3/__init__.py:35: NotOpenSSLWarning: urllib3 v2 only supports OpenSSL 1.1.1+, currently the 'ssl' module is compiled with 'LibreSSL 2.8.3'. See: https://github.com/urllib3/urllib3/issues/3020
  warnings.warn(

[2026-04-30 11:45:00] Iniciando ciclo automático...
Horario: Mercado abierto
Ejecutando ciclo completo...
❌ 3 señal(es) rechazada(s):
   BTC: Solo 2 fuentes < mínimo 3
   COPEC: Convicción 79.3% < mínimo 80%
   SQM: Convicción 65.1% < mínimo 80%
Sin operaciones en este ciclo — condiciones no cumplidas
/Users/felipefernandez/trading_signals/venv/lib/python3.9/site-packages/urllib3/__init__.py:35: NotOpenSSLWarning: urllib3 v2 only supports OpenSSL 1.1.1+, currently the 'ssl' module is compiled with 'LibreSSL 2.8.3'. See: https://github.com/urllib3/urllib3/issues/3020
  warnings.warn(

[2026-04-30 12:00:01] Iniciando ciclo automático...
Horario: Mercado abierto
Ejecutando ciclo completo...
❌ 3 señal(es) rechazada(s):
   BTC: Solo 2 fuentes < mínimo 3
   COPEC: Convicción 78.1% < mínimo 80%
   SQM: Convicción 74.0% < mínimo 80%
Sin operaciones en este ciclo — condiciones no cumplidas
/Users/felipefernandez/trading_signals/venv/lib/python3.9/site-packages/urllib3/__init__.py:35: NotOpenSSLWarning: urllib3 v2 only supports OpenSSL 1.1.1+, currently the 'ssl' module is compiled with 'LibreSSL 2.8.3'. See: https://github.com/urllib3/urllib3/issues/3020
  warnings.warn(
Device set to use mps:0

[2026-04-30 12:15:01] Iniciando ciclo automático...
Horario: Mercado abierto
Ejecutando ciclo completo...
❌ 3 señal(es) rechazada(s):
   BTC: Solo 2 fuentes < mínimo 3
   COPEC: Convicción 77.6% < mínimo 80%
   SQM: Convicción 75.0% < mínimo 80%
Sin operaciones en este ciclo — condiciones no cumplidas
/Users/felipefernandez/trading_signals/venv/lib/python3.9/site-packages/urllib3/__init__.py:35: NotOpenSSLWarning: urllib3 v2 only supports OpenSSL 1.1.1+, currently the 'ssl' module is compiled with 'LibreSSL 2.8.3'. See: https://github.com/urllib3/urllib3/issues/3020
  warnings.warn(

[2026-04-30 12:30:00] Iniciando ciclo automático...
Horario: Mercado abierto
Ejecutando ciclo completo...
❌ 3 señal(es) rechazada(s):
   BTC: Solo 2 fuentes < mínimo 3
   COPEC: Convicción 77.8% < mínimo 80%
   SQM: Convicción 74.7% < mínimo 80%
Sin operaciones en este ciclo — condiciones no cumplidas
/Users/felipefernandez/trading_signals/venv/lib/python3.9/site-packages/urllib3/__init__.py:35: NotOpenSSLWarning: urllib3 v2 only supports OpenSSL 1.1.1+, currently the 'ssl' module is compiled with 'LibreSSL 2.8.3'. See: https://github.com/urllib3/urllib3/issues/3020
  warnings.warn(

[2026-04-30 12:45:00] Iniciando ciclo automático...
Horario: Mercado abierto
Ejecutando ciclo completo...
❌ 3 señal(es) rechazada(s):
   BTC: Solo 2 fuentes < mínimo 3
   COPEC: Convicción 77.6% < mínimo 80%
   SQM: Convicción 74.5% < mínimo 80%
Sin operaciones en este ciclo — condiciones no cumplidas
/Users/felipefernandez/trading_signals/venv/lib/python3.9/site-packages/urllib3/__init__.py:35: NotOpenSSLWarning: urllib3 v2 only supports OpenSSL 1.1.1+, currently the 'ssl' module is compiled with 'LibreSSL 2.8.3'. See: https://github.com/urllib3/urllib3/issues/3020
  warnings.warn(

[2026-04-30 13:00:00] Iniciando ciclo automático...
Horario: Mercado abierto
Ejecutando ciclo completo...
❌ 3 señal(es) rechazada(s):
   BTC: Solo 2 fuentes < mínimo 3
   COPEC: Convicción 77.2% < mínimo 80%
   SQM: Convicción 74.7% < mínimo 80%
Sin operaciones en este ciclo — condiciones no cumplidas
/Users/felipefernandez/trading_signals/venv/lib/python3.9/site-packages/urllib3/__init__.py:35: NotOpenSSLWarning: urllib3 v2 only supports OpenSSL 1.1.1+, currently the 'ssl' module is compiled with 'LibreSSL 2.8.3'. See: https://github.com/urllib3/urllib3/issues/3020
  warnings.warn(

[2026-04-30 13:15:00] Iniciando ciclo automático...
Horario: Mercado abierto
Ejecutando ciclo completo...
❌ 3 señal(es) rechazada(s):
   BTC: Solo 2 fuentes < mínimo 3
   COPEC: Convicción 77.3% < mínimo 80%
   SQM: Convicción 75.3% < mínimo 80%
Sin operaciones en este ciclo — condiciones no cumplidas
/Users/felipefernandez/trading_signals/venv/lib/python3.9/site-packages/urllib3/__init__.py:35: NotOpenSSLWarning: urllib3 v2 only supports OpenSSL 1.1.1+, currently the 'ssl' module is compiled with 'LibreSSL 2.8.3'. See: https://github.com/urllib3/urllib3/issues/3020
  warnings.warn(

[2026-04-30 13:30:33] Iniciando ciclo automático...
Horario: Mercado abierto
Ejecutando ciclo completo...
❌ 3 señal(es) rechazada(s):
   BTC: Solo 2 fuentes < mínimo 3
   COPEC: Convicción 77.3% < mínimo 80%
   SQM: Convicción 75.6% < mínimo 80%
Sin operaciones en este ciclo — condiciones no cumplidas
/Users/felipefernandez/trading_signals/venv/lib/python3.9/site-packages/urllib3/__init__.py:35: NotOpenSSLWarning: urllib3 v2 only supports OpenSSL 1.1.1+, currently the 'ssl' module is compiled with 'LibreSSL 2.8.3'. See: https://github.com/urllib3/urllib3/issues/3020
  warnings.warn(

[2026-04-30 15:15:01] Iniciando ciclo automático...
Horario: Mercado abierto
Ejecutando ciclo completo...
❌ 3 señal(es) rechazada(s):
   BTC: Solo 2 fuentes < mínimo 3
   SQM: Convicción 78.0% < mínimo 80%
   COPEC: Convicción 75.1% < mínimo 80%
Sin operaciones en este ciclo — condiciones no cumplidas
/Users/felipefernandez/trading_signals/venv/lib/python3.9/site-packages/urllib3/__init__.py:35: NotOpenSSLWarning: urllib3 v2 only supports OpenSSL 1.1.1+, currently the 'ssl' module is compiled with 'LibreSSL 2.8.3'. See: https://github.com/urllib3/urllib3/issues/3020
  warnings.warn(

[2026-04-30 15:30:00] Iniciando ciclo automático...
Horario: Mercado abierto
Ejecutando ciclo completo...
❌ 3 señal(es) rechazada(s):
   SQM: Ya existe posición abierta en SQM
   BTC: Solo 2 fuentes < mínimo 3
   COPEC: Convicción 76.3% < mínimo 80%
Sin operaciones en este ciclo — condiciones no cumplidas
/Users/felipefernandez/trading_signals/venv/lib/python3.9/site-packages/urllib3/__init__.py:35: NotOpenSSLWarning: urllib3 v2 only supports OpenSSL 1.1.1+, currently the 'ssl' module is compiled with 'LibreSSL 2.8.3'. See: https://github.com/urllib3/urllib3/issues/3020
  warnings.warn(

[2026-04-30 15:45:00] Iniciando ciclo automático...
Horario: Fuera de horario (09:30-15:45 ET)
Posición: SQM | precio 92.51 | PnL -4.19%
Posición: COPEC | precio 6,369.30 | PnL +2.24%
/Users/felipefernandez/trading_signals/venv/lib/python3.9/site-packages/urllib3/__init__.py:35: NotOpenSSLWarning: urllib3 v2 only supports OpenSSL 1.1.1+, currently the 'ssl' module is compiled with 'LibreSSL 2.8.3'. See: https://github.com/urllib3/urllib3/issues/3020
  warnings.warn(

[2026-04-30 16:00:01] Iniciando ciclo automático...
Horario: Fuera de horario (09:30-15:45 ET)
Posición: SQM | precio 92.14 | PnL -3.77%
Posición: COPEC | precio 6,374.40 | PnL +2.16%
/Users/felipefernandez/trading_signals/venv/lib/python3.9/site-packages/urllib3/__init__.py:35: NotOpenSSLWarning: urllib3 v2 only supports OpenSSL 1.1.1+, currently the 'ssl' module is compiled with 'LibreSSL 2.8.3'. See: https://github.com/urllib3/urllib3/issues/3020
  warnings.warn(

[2026-04-30 16:15:00] Iniciando ciclo automático...
Horario: Fuera de horario (09:30-15:45 ET)
Posición: SQM | precio 92.15 | PnL -3.78%
Posición: COPEC | precio 6,367.20 | PnL +2.27%
/Users/felipefernandez/trading_signals/venv/lib/python3.9/site-packages/urllib3/__init__.py:35: NotOpenSSLWarning: urllib3 v2 only supports OpenSSL 1.1.1+, currently the 'ssl' module is compiled with 'LibreSSL 2.8.3'. See: https://github.com/urllib3/urllib3/issues/3020
  warnings.warn(

[2026-04-30 16:35:44] Iniciando ciclo automático...
Horario: Fuera de horario (09:30-15:45 ET)
Posición: SQM | precio 92.15 | PnL -3.78%
Posición: COPEC | precio 6,359.00 | PnL +2.39%
/Users/felipefernandez/trading_signals/venv/lib/python3.9/site-packages/urllib3/__init__.py:35: NotOpenSSLWarning: urllib3 v2 only supports OpenSSL 1.1.1+, currently the 'ssl' module is compiled with 'LibreSSL 2.8.3'. See: https://github.com/urllib3/urllib3/issues/3020
  warnings.warn(

[2026-04-30 16:45:01] Iniciando ciclo automático...
Horario: Fuera de horario (09:30-15:45 ET)
Posición: SQM | precio 92.15 | PnL -3.78%
Posición: COPEC | precio 6,303.00 | PnL +3.25%
/Users/felipefernandez/trading_signals/venv/lib/python3.9/site-packages/urllib3/__init__.py:35: NotOpenSSLWarning: urllib3 v2 only supports OpenSSL 1.1.1+, currently the 'ssl' module is compiled with 'LibreSSL 2.8.3'. See: https://github.com/urllib3/urllib3/issues/3020
  warnings.warn(

[2026-04-30 17:00:00] Iniciando ciclo automático...
Horario: Fuera de horario (09:30-15:45 ET)
Posición: SQM | precio 92.15 | PnL -3.78%
Posición: COPEC | precio 6,303.00 | PnL +3.25%
/Users/felipefernandez/trading_signals/venv/lib/python3.9/site-packages/urllib3/__init__.py:35: NotOpenSSLWarning: urllib3 v2 only supports OpenSSL 1.1.1+, currently the 'ssl' module is compiled with 'LibreSSL 2.8.3'. See: https://github.com/urllib3/urllib3/issues/3020
  warnings.warn(

[2026-04-30 17:15:00] Iniciando ciclo automático...
Horario: Fuera de horario (09:30-15:45 ET)
Posición: SQM | precio 92.15 | PnL -3.78%
Posición: COPEC | precio 6,303.00 | PnL +3.25%
/Users/felipefernandez/trading_signals/venv/lib/python3.9/site-packages/urllib3/__init__.py:35: NotOpenSSLWarning: urllib3 v2 only supports OpenSSL 1.1.1+, currently the 'ssl' module is compiled with 'LibreSSL 2.8.3'. See: https://github.com/urllib3/urllib3/issues/3020
  warnings.warn(

[2026-04-30 17:30:01] Iniciando ciclo automático...
Horario: Fuera de horario (09:30-15:45 ET)
Posición: SQM | precio 92.15 | PnL -3.78%
Posición: COPEC | precio 6,303.00 | PnL +3.25%
/Users/felipefernandez/trading_signals/venv/lib/python3.9/site-packages/urllib3/__init__.py:35: NotOpenSSLWarning: urllib3 v2 only supports OpenSSL 1.1.1+, currently the 'ssl' module is compiled with 'LibreSSL 2.8.3'. See: https://github.com/urllib3/urllib3/issues/3020
  warnings.warn(

[2026-04-30 17:45:01] Iniciando ciclo automático...
Horario: Fuera de horario (09:30-15:45 ET)
Posición: SQM | precio 92.15 | PnL -3.78%
Posición: COPEC | precio 6,303.00 | PnL +3.25%
/Users/felipefernandez/trading_signals/venv/lib/python3.9/site-packages/urllib3/__init__.py:35: NotOpenSSLWarning: urllib3 v2 only supports OpenSSL 1.1.1+, currently the 'ssl' module is compiled with 'LibreSSL 2.8.3'. See: https://github.com/urllib3/urllib3/issues/3020
  warnings.warn(

[2026-04-30 18:00:00] Iniciando ciclo automático...
Horario: Fuera de horario (09:30-15:45 ET)
Posición: SQM | precio 92.15 | PnL -3.78%
Posición: COPEC | precio 6,303.00 | PnL +3.25%
/Users/felipefernandez/trading_signals/venv/lib/python3.9/site-packages/urllib3/__init__.py:35: NotOpenSSLWarning: urllib3 v2 only supports OpenSSL 1.1.1+, currently the 'ssl' module is compiled with 'LibreSSL 2.8.3'. See: https://github.com/urllib3/urllib3/issues/3020
  warnings.warn(

[2026-04-30 18:15:00] Iniciando ciclo automático...
Horario: Fuera de horario (09:30-15:45 ET)
Posición: SQM | precio 92.15 | PnL -3.78%
Posición: COPEC | precio 6,303.00 | PnL +3.25%
/Users/felipefernandez/trading_signals/venv/lib/python3.9/site-packages/urllib3/__init__.py:35: NotOpenSSLWarning: urllib3 v2 only supports OpenSSL 1.1.1+, currently the 'ssl' module is compiled with 'LibreSSL 2.8.3'. See: https://github.com/urllib3/urllib3/issues/3020
  warnings.warn(

[2026-04-30 18:30:00] Iniciando ciclo automático...
Horario: Fuera de horario (09:30-15:45 ET)
Posición: SQM | precio 92.15 | PnL -3.78%
Posición: COPEC | precio 6,303.00 | PnL +3.25%
/Users/felipefernandez/trading_signals/venv/lib/python3.9/site-packages/urllib3/__init__.py:35: NotOpenSSLWarning: urllib3 v2 only supports OpenSSL 1.1.1+, currently the 'ssl' module is compiled with 'LibreSSL 2.8.3'. See: https://github.com/urllib3/urllib3/issues/3020
  warnings.warn(

[2026-04-30 18:45:00] Iniciando ciclo automático...
Horario: Fuera de horario (09:30-15:45 ET)
Posición: SQM | precio 92.15 | PnL -3.78%
Posición: COPEC | precio 6,303.00 | PnL +3.25%
/Users/felipefernandez/trading_signals/venv/lib/python3.9/site-packages/urllib3/__init__.py:35: NotOpenSSLWarning: urllib3 v2 only supports OpenSSL 1.1.1+, currently the 'ssl' module is compiled with 'LibreSSL 2.8.3'. See: https://github.com/urllib3/urllib3/issues/3020
  warnings.warn(

[2026-04-30 19:00:01] Iniciando ciclo automático...
Horario: Fuera de horario (09:30-15:45 ET)
Posición: SQM | precio 92.15 | PnL -3.78%
Posición: COPEC | precio 6,303.00 | PnL +3.25%
/Users/felipefernandez/trading_signals/venv/lib/python3.9/site-packages/urllib3/__init__.py:35: NotOpenSSLWarning: urllib3 v2 only supports OpenSSL 1.1.1+, currently the 'ssl' module is compiled with 'LibreSSL 2.8.3'. See: https://github.com/urllib3/urllib3/issues/3020
  warnings.warn(

[2026-04-30 19:32:07] Iniciando ciclo automático...
Horario: Fuera de horario (09:30-15:45 ET)
Posición: SQM | precio 92.15 | PnL -3.78%
Posición: COPEC | precio 6,303.00 | PnL +3.25%
/Users/felipefernandez/trading_signals/venv/lib/python3.9/site-packages/urllib3/__init__.py:35: NotOpenSSLWarning: urllib3 v2 only supports OpenSSL 1.1.1+, currently the 'ssl' module is compiled with 'LibreSSL 2.8.3'. See: https://github.com/urllib3/urllib3/issues/3020
  warnings.warn(

[2026-04-30 20:19:01] Iniciando ciclo automático...
Horario: Fuera de horario (09:30-15:45 ET)
Posición: SQM | precio 92.15 | PnL -3.78%
Posición: COPEC | precio 6,303.00 | PnL +3.25%
/Users/felipefernandez/trading_signals/venv/lib/python3.9/site-packages/urllib3/__init__.py:35: NotOpenSSLWarning: urllib3 v2 only supports OpenSSL 1.1.1+, currently the 'ssl' module is compiled with 'LibreSSL 2.8.3'. See: https://github.com/urllib3/urllib3/issues/3020
  warnings.warn(

[2026-04-30 22:31:08] Iniciando ciclo automático...
Horario: Fuera de horario (09:30-15:45 ET)
Posición: SQM | precio 92.15 | PnL -3.78%
Posición: COPEC | precio 6,303.00 | PnL +3.25%
/Users/felipefernandez/trading_signals/venv/lib/python3.9/site-packages/urllib3/__init__.py:35: NotOpenSSLWarning: urllib3 v2 only supports OpenSSL 1.1.1+, currently the 'ssl' module is compiled with 'LibreSSL 2.8.3'. See: https://github.com/urllib3/urllib3/issues/3020
  warnings.warn(

[2026-05-01 01:31:19] Iniciando ciclo automático...
Horario: Fuera de horario (09:30-15:45 ET)
Posición: SQM | precio 92.15 | PnL -3.78%
Posición: COPEC | precio 6,303.00 | PnL +3.25%
/Users/felipefernandez/trading_signals/venv/lib/python3.9/site-packages/urllib3/__init__.py:35: NotOpenSSLWarning: urllib3 v2 only supports OpenSSL 1.1.1+, currently the 'ssl' module is compiled with 'LibreSSL 2.8.3'. See: https://github.com/urllib3/urllib3/issues/3020
  warnings.warn(

[2026-05-01 02:35:38] Iniciando ciclo automático...
Horario: Fuera de horario (09:30-15:45 ET)
Error precio SQM: 'NoneType' object is not subscriptable
Posición: COPEC | precio 6,303.00 | PnL +3.25%
/Users/felipefernandez/trading_signals/venv/lib/python3.9/site-packages/urllib3/__init__.py:35: NotOpenSSLWarning: urllib3 v2 only supports OpenSSL 1.1.1+, currently the 'ssl' module is compiled with 'LibreSSL 2.8.3'. See: https://github.com/urllib3/urllib3/issues/3020
  warnings.warn(

[2026-05-01 05:17:03] Iniciando ciclo automático...
Horario: Fuera de horario (09:30-15:45 ET)
Posición: SQM | precio 92.15 | PnL -3.78%
Posición: COPEC | precio 6,303.00 | PnL +3.25%
/Users/felipefernandez/trading_signals/venv/lib/python3.9/site-packages/urllib3/__init__.py:35: NotOpenSSLWarning: urllib3 v2 only supports OpenSSL 1.1.1+, currently the 'ssl' module is compiled with 'LibreSSL 2.8.3'. See: https://github.com/urllib3/urllib3/issues/3020
  warnings.warn(

[2026-05-01 09:03:05] Iniciando ciclo automático...
Horario: Fuera de horario (09:30-15:45 ET)
Posición: SQM | precio 92.15 | PnL -3.78%
Posición: COPEC | precio 6,303.00 | PnL +3.25%
/Users/felipefernandez/trading_signals/venv/lib/python3.9/site-packages/urllib3/__init__.py:35: NotOpenSSLWarning: urllib3 v2 only supports OpenSSL 1.1.1+, currently the 'ssl' module is compiled with 'LibreSSL 2.8.3'. See: https://github.com/urllib3/urllib3/issues/3020
  warnings.warn(
Device set to use mps:0

[2026-05-01 10:48:48] Iniciando ciclo automático...
Horario: Mercado abierto
Ejecutando ciclo completo...
❌ 4 señal(es) rechazada(s):
   SQM: Ya existe posición abierta en SQM
   BTC: Solo 2 fuentes < mínimo 3
   ECH: Convicción 58.6% < mínimo 80%
Sin operaciones en este ciclo — condiciones no cumplidas
/Users/felipefernandez/trading_signals/venv/lib/python3.9/site-packages/urllib3/__init__.py:35: NotOpenSSLWarning: urllib3 v2 only supports OpenSSL 1.1.1+, currently the 'ssl' module is compiled with 'LibreSSL 2.8.3'. See: https://github.com/urllib3/urllib3/issues/3020
  warnings.warn(

[2026-05-01 11:05:05] Iniciando ciclo automático...
Horario: Mercado abierto
Ejecutando ciclo completo...
Error macro USA [GC=F]: 'NoneType' object is not subscriptable
❌ 4 señal(es) rechazada(s):
   SQM: Ya existe posición abierta en SQM
   BTC: Solo 2 fuentes < mínimo 3
   ECH: Convicción 59.1% < mínimo 80%
Sin operaciones en este ciclo — condiciones no cumplidas
/Users/felipefernandez/trading_signals/venv/lib/python3.9/site-packages/urllib3/__init__.py:35: NotOpenSSLWarning: urllib3 v2 only supports OpenSSL 1.1.1+, currently the 'ssl' module is compiled with 'LibreSSL 2.8.3'. See: https://github.com/urllib3/urllib3/issues/3020
  warnings.warn(
Device set to use mps:0

[2026-05-01 11:16:02] Iniciando ciclo automático...
Horario: Mercado abierto
Ejecutando ciclo completo...
Error Google News [cobre Chile precio]: HTTPSConnectionPool(host='news.google.com', port=443): Read timed out. (read timeout=8)
❌ 4 señal(es) rechazada(s):
   SQM: Ya existe posición abierta en SQM
   BTC: Solo 2 fuentes < mínimo 3
   ECH: Convicción 59.3% < mínimo 80%
Sin operaciones en este ciclo — condiciones no cumplidas
/Users/felipefernandez/trading_signals/venv/lib/python3.9/site-packages/urllib3/__init__.py:35: NotOpenSSLWarning: urllib3 v2 only supports OpenSSL 1.1.1+, currently the 'ssl' module is compiled with 'LibreSSL 2.8.3'. See: https://github.com/urllib3/urllib3/issues/3020
  warnings.warn(

[2026-05-01 13:17:12] Iniciando ciclo automático...
Horario: Mercado abierto
Ejecutando ciclo completo...
❌ 3 señal(es) rechazada(s):
   BTC: Solo 2 fuentes < mínimo 3
   COPEC: Convicción 77.7% < mínimo 80%
   SQM: Convicción 63.5% < mínimo 80%
Sin operaciones en este ciclo — condiciones no cumplidas
/Users/felipefernandez/trading_signals/venv/lib/python3.9/site-packages/urllib3/__init__.py:35: NotOpenSSLWarning: urllib3 v2 only supports OpenSSL 1.1.1+, currently the 'ssl' module is compiled with 'LibreSSL 2.8.3'. See: https://github.com/urllib3/urllib3/issues/3020
  warnings.warn(

[2026-05-01 13:39:10] Iniciando ciclo automático...
Horario: Mercado abierto
Ejecutando ciclo completo...
❌ 3 señal(es) rechazada(s):
   SQM: Ya existe posición abierta en SQM
   BTC: Solo 2 fuentes < mínimo 3
   COPEC: Convicción 79.0% < mínimo 80%
Sin operaciones en este ciclo — condiciones no cumplidas
/Users/felipefernandez/trading_signals/venv/lib/python3.9/site-packages/urllib3/__init__.py:35: NotOpenSSLWarning: urllib3 v2 only supports OpenSSL 1.1.1+, currently the 'ssl' module is compiled with 'LibreSSL 2.8.3'. See: https://github.com/urllib3/urllib3/issues/3020
  warnings.warn(

[2026-05-01 13:50:07] Iniciando ciclo automático...
Horario: Mercado abierto
Ejecutando ciclo completo...
Error macro USA [DX-Y.NYB]: 'NoneType' object is not subscriptable
❌ 3 señal(es) rechazada(s):
   SQM: Ya existe posición abierta en SQM
   BTC: Solo 2 fuentes < mínimo 3
   COPEC: Convicción 78.9% < mínimo 80%
Sin operaciones en este ciclo — condiciones no cumplidas
/Users/felipefernandez/trading_signals/venv/lib/python3.9/site-packages/urllib3/__init__.py:35: NotOpenSSLWarning: urllib3 v2 only supports OpenSSL 1.1.1+, currently the 'ssl' module is compiled with 'LibreSSL 2.8.3'. See: https://github.com/urllib3/urllib3/issues/3020
  warnings.warn(

[2026-05-01 14:03:14] Iniciando ciclo automático...
Horario: Mercado abierto
Ejecutando ciclo completo...
Error Kalshi [KXUNEMP]: ('Connection aborted.', ConnectionResetError(54, 'Connection reset by peer'))
❌ 3 señal(es) rechazada(s):
   SQM: Ya existe posición abierta en SQM
   BTC: Solo 2 fuentes < mínimo 3
   COPEC: Convicción 79.1% < mínimo 80%
Sin operaciones en este ciclo — condiciones no cumplidas
/Users/felipefernandez/trading_signals/venv/lib/python3.9/site-packages/urllib3/__init__.py:35: NotOpenSSLWarning: urllib3 v2 only supports OpenSSL 1.1.1+, currently the 'ssl' module is compiled with 'LibreSSL 2.8.3'. See: https://github.com/urllib3/urllib3/issues/3020
  warnings.warn(

[2026-05-01 14:31:04] Iniciando ciclo automático...
Horario: Mercado abierto
Ejecutando ciclo completo...
Error Google News [economia Chile hoy]: HTTPSConnectionPool(host='news.google.com', port=443): Read timed out. (read timeout=8)
❌ 3 señal(es) rechazada(s):
   BTC: Solo 2 fuentes < mínimo 3
   COPEC: Convicción 76.6% < mínimo 80%
   SQM: Convicción 61.7% < mínimo 80%
Sin operaciones en este ciclo — condiciones no cumplidas
/Users/felipefernandez/trading_signals/venv/lib/python3.9/site-packages/urllib3/__init__.py:35: NotOpenSSLWarning: urllib3 v2 only supports OpenSSL 1.1.1+, currently the 'ssl' module is compiled with 'LibreSSL 2.8.3'. See: https://github.com/urllib3/urllib3/issues/3020
  warnings.warn(

[2026-05-01 14:45:01] Iniciando ciclo automático...
Horario: Mercado abierto
Ejecutando ciclo completo...
❌ 3 señal(es) rechazada(s):
   BTC: Solo 2 fuentes < mínimo 3
   COPEC: Convicción 75.8% < mínimo 80%
   SQM: Convicción 61.6% < mínimo 80%
Sin operaciones en este ciclo — condiciones no cumplidas
/Users/felipefernandez/trading_signals/venv/lib/python3.9/site-packages/urllib3/__init__.py:35: NotOpenSSLWarning: urllib3 v2 only supports OpenSSL 1.1.1+, currently the 'ssl' module is compiled with 'LibreSSL 2.8.3'. See: https://github.com/urllib3/urllib3/issues/3020
  warnings.warn(

[2026-05-01 20:35:03] Iniciando ciclo automático...
Horario: Fuera de horario (09:30-15:45 ET)
Posición: SQM | precio 92.68 | PnL -4.38%
Posición: COPEC | precio 6,303.00 | PnL +3.25%
/Users/felipefernandez/trading_signals/venv/lib/python3.9/site-packages/urllib3/__init__.py:35: NotOpenSSLWarning: urllib3 v2 only supports OpenSSL 1.1.1+, currently the 'ssl' module is compiled with 'LibreSSL 2.8.3'. See: https://github.com/urllib3/urllib3/issues/3020
  warnings.warn(

[2026-05-01 21:45:06] Iniciando ciclo automático...
Horario: Fuera de horario (09:30-15:45 ET)
Posición: SQM | precio 92.68 | PnL -4.38%
Posición: COPEC | precio 6,303.00 | PnL +3.25%
/Users/felipefernandez/trading_signals/venv/lib/python3.9/site-packages/urllib3/__init__.py:35: NotOpenSSLWarning: urllib3 v2 only supports OpenSSL 1.1.1+, currently the 'ssl' module is compiled with 'LibreSSL 2.8.3'. See: https://github.com/urllib3/urllib3/issues/3020
  warnings.warn(

[2026-05-01 22:46:03] Iniciando ciclo automático...
Horario: Fuera de horario (09:30-15:45 ET)
Posición: SQM | precio 92.68 | PnL -4.38%
Posición: COPEC | precio 6,303.00 | PnL +3.25%
/Users/felipefernandez/trading_signals/venv/lib/python3.9/site-packages/urllib3/__init__.py:35: NotOpenSSLWarning: urllib3 v2 only supports OpenSSL 1.1.1+, currently the 'ssl' module is compiled with 'LibreSSL 2.8.3'. See: https://github.com/urllib3/urllib3/issues/3020
  warnings.warn(

[2026-05-02 02:01:04] Iniciando ciclo automático...
Horario: Mercado cerrado (fin de semana)
Posición: SQM | precio 92.68 | PnL -4.38%
Posición: COPEC | precio 6,303.00 | PnL +3.25%
/Users/felipefernandez/trading_signals/venv/lib/python3.9/site-packages/urllib3/__init__.py:35: NotOpenSSLWarning: urllib3 v2 only supports OpenSSL 1.1.1+, currently the 'ssl' module is compiled with 'LibreSSL 2.8.3'. See: https://github.com/urllib3/urllib3/issues/3020
  warnings.warn(

[2026-05-02 02:45:06] Iniciando ciclo automático...
Horario: Mercado cerrado (fin de semana)
Posición: SQM | precio 92.68 | PnL -4.38%
Posición: COPEC | precio 6,303.00 | PnL +3.25%
/Users/felipefernandez/trading_signals/venv/lib/python3.9/site-packages/urllib3/__init__.py:35: NotOpenSSLWarning: urllib3 v2 only supports OpenSSL 1.1.1+, currently the 'ssl' module is compiled with 'LibreSSL 2.8.3'. See: https://github.com/urllib3/urllib3/issues/3020
  warnings.warn(

[2026-05-02 10:49:15] Iniciando ciclo automático...
Horario: Mercado cerrado (fin de semana)
Posición: SQM | precio 92.68 | PnL -4.38%
Posición: COPEC | precio 6,303.00 | PnL +3.25%
/Users/felipefernandez/trading_signals/venv/lib/python3.9/site-packages/urllib3/__init__.py:35: NotOpenSSLWarning: urllib3 v2 only supports OpenSSL 1.1.1+, currently the 'ssl' module is compiled with 'LibreSSL 2.8.3'. See: https://github.com/urllib3/urllib3/issues/3020
  warnings.warn(

[2026-05-02 13:05:24] Iniciando ciclo automático...
Horario: Mercado cerrado (fin de semana)
Posición: SQM | precio 92.68 | PnL -4.38%
Posición: COPEC | precio 6,303.00 | PnL +3.25%
/Users/felipefernandez/trading_signals/venv/lib/python3.9/site-packages/urllib3/__init__.py:35: NotOpenSSLWarning: urllib3 v2 only supports OpenSSL 1.1.1+, currently the 'ssl' module is compiled with 'LibreSSL 2.8.3'. See: https://github.com/urllib3/urllib3/issues/3020
  warnings.warn(

[2026-05-02 15:35:08] Iniciando ciclo automático...
Horario: Mercado cerrado (fin de semana)
Posición: SQM | precio 92.68 | PnL -4.38%
Posición: COPEC | precio 6,303.00 | PnL +3.25%
/Users/felipefernandez/trading_signals/venv/lib/python3.9/site-packages/urllib3/__init__.py:35: NotOpenSSLWarning: urllib3 v2 only supports OpenSSL 1.1.1+, currently the 'ssl' module is compiled with 'LibreSSL 2.8.3'. See: https://github.com/urllib3/urllib3/issues/3020
  warnings.warn(

[2026-05-02 16:20:03] Iniciando ciclo automático...
Horario: Mercado cerrado (fin de semana)
Posición: SQM | precio 92.68 | PnL -4.38%
Posición: COPEC | precio 6,303.00 | PnL +3.25%
/Users/felipefernandez/trading_signals/venv/lib/python3.9/site-packages/urllib3/__init__.py:35: NotOpenSSLWarning: urllib3 v2 only supports OpenSSL 1.1.1+, currently the 'ssl' module is compiled with 'LibreSSL 2.8.3'. See: https://github.com/urllib3/urllib3/issues/3020
  warnings.warn(

[2026-05-02 16:31:04] Iniciando ciclo automático...
Horario: Mercado cerrado (fin de semana)
Posición: SQM | precio 92.68 | PnL -4.38%
Posición: COPEC | precio 6,303.00 | PnL +3.25%
/Users/felipefernandez/trading_signals/venv/lib/python3.9/site-packages/urllib3/__init__.py:35: NotOpenSSLWarning: urllib3 v2 only supports OpenSSL 1.1.1+, currently the 'ssl' module is compiled with 'LibreSSL 2.8.3'. See: https://github.com/urllib3/urllib3/issues/3020
  warnings.warn(

[2026-05-02 17:48:04] Iniciando ciclo automático...
Horario: Mercado cerrado (fin de semana)
Posición: SQM | precio 92.68 | PnL -4.38%
Posición: COPEC | precio 6,303.00 | PnL +3.25%
/Users/felipefernandez/trading_signals/venv/lib/python3.9/site-packages/urllib3/__init__.py:35: NotOpenSSLWarning: urllib3 v2 only supports OpenSSL 1.1.1+, currently the 'ssl' module is compiled with 'LibreSSL 2.8.3'. See: https://github.com/urllib3/urllib3/issues/3020
  warnings.warn(

[2026-05-02 19:00:05] Iniciando ciclo automático...
Horario: Mercado cerrado (fin de semana)
Posición: SQM | precio 92.68 | PnL -4.38%
Posición: COPEC | precio 6,303.00 | PnL +3.25%
/Users/felipefernandez/trading_signals/venv/lib/python3.9/site-packages/urllib3/__init__.py:35: NotOpenSSLWarning: urllib3 v2 only supports OpenSSL 1.1.1+, currently the 'ssl' module is compiled with 'LibreSSL 2.8.3'. See: https://github.com/urllib3/urllib3/issues/3020
  warnings.warn(

[2026-05-02 19:50:04] Iniciando ciclo automático...
Horario: Mercado cerrado (fin de semana)
Posición: SQM | precio 92.68 | PnL -4.38%
Posición: COPEC | precio 6,303.00 | PnL +3.25%
/Users/felipefernandez/trading_signals/venv/lib/python3.9/site-packages/urllib3/__init__.py:35: NotOpenSSLWarning: urllib3 v2 only supports OpenSSL 1.1.1+, currently the 'ssl' module is compiled with 'LibreSSL 2.8.3'. See: https://github.com/urllib3/urllib3/issues/3020
  warnings.warn(

[2026-05-03 00:35:05] Iniciando ciclo automático...
Horario: Mercado cerrado (fin de semana)
Posición: SQM | precio 92.68 | PnL -4.38%
Posición: COPEC | precio 6,303.00 | PnL +3.25%
/Users/felipefernandez/trading_signals/venv/lib/python3.9/site-packages/urllib3/__init__.py:35: NotOpenSSLWarning: urllib3 v2 only supports OpenSSL 1.1.1+, currently the 'ssl' module is compiled with 'LibreSSL 2.8.3'. See: https://github.com/urllib3/urllib3/issues/3020
  warnings.warn(

[2026-05-03 00:47:06] Iniciando ciclo automático...
Horario: Mercado cerrado (fin de semana)
Posición: SQM | precio 92.68 | PnL -4.38%
Posición: COPEC | precio 6,303.00 | PnL +3.25%
/Users/felipefernandez/trading_signals/venv/lib/python3.9/site-packages/urllib3/__init__.py:35: NotOpenSSLWarning: urllib3 v2 only supports OpenSSL 1.1.1+, currently the 'ssl' module is compiled with 'LibreSSL 2.8.3'. See: https://github.com/urllib3/urllib3/issues/3020
  warnings.warn(

[2026-05-03 04:02:44] Iniciando ciclo automático...
Horario: Mercado cerrado (fin de semana)
Posición: SQM | precio 92.68 | PnL -4.38%
Posición: COPEC | precio 6,303.00 | PnL +3.25%
/Users/felipefernandez/trading_signals/venv/lib/python3.9/site-packages/urllib3/__init__.py:35: NotOpenSSLWarning: urllib3 v2 only supports OpenSSL 1.1.1+, currently the 'ssl' module is compiled with 'LibreSSL 2.8.3'. See: https://github.com/urllib3/urllib3/issues/3020
  warnings.warn(

[2026-05-03 04:21:44] Iniciando ciclo automático...
Horario: Mercado cerrado (fin de semana)
Posición: SQM | precio 92.68 | PnL -4.38%
Posición: COPEC | precio 6,303.00 | PnL +3.25%
/Users/felipefernandez/trading_signals/venv/lib/python3.9/site-packages/urllib3/__init__.py:35: NotOpenSSLWarning: urllib3 v2 only supports OpenSSL 1.1.1+, currently the 'ssl' module is compiled with 'LibreSSL 2.8.3'. See: https://github.com/urllib3/urllib3/issues/3020
  warnings.warn(

[2026-05-03 04:33:01] Iniciando ciclo automático...
Horario: Mercado cerrado (fin de semana)
Posición: SQM | precio 92.68 | PnL -4.38%
Posición: COPEC | precio 6,303.00 | PnL +3.25%
/Users/felipefernandez/trading_signals/venv/lib/python3.9/site-packages/urllib3/__init__.py:35: NotOpenSSLWarning: urllib3 v2 only supports OpenSSL 1.1.1+, currently the 'ssl' module is compiled with 'LibreSSL 2.8.3'. See: https://github.com/urllib3/urllib3/issues/3020
  warnings.warn(

[2026-05-03 05:45:05] Iniciando ciclo automático...
Horario: Mercado cerrado (fin de semana)
Posición: SQM | precio 92.68 | PnL -4.38%
Posición: COPEC | precio 6,303.00 | PnL +3.25%
/Users/felipefernandez/trading_signals/venv/lib/python3.9/site-packages/urllib3/__init__.py:35: NotOpenSSLWarning: urllib3 v2 only supports OpenSSL 1.1.1+, currently the 'ssl' module is compiled with 'LibreSSL 2.8.3'. See: https://github.com/urllib3/urllib3/issues/3020
  warnings.warn(

[2026-05-03 06:21:02] Iniciando ciclo automático...
Horario: Mercado cerrado (fin de semana)
Posición: SQM | precio 92.68 | PnL -4.38%
Posición: COPEC | precio 6,303.00 | PnL +3.25%
/Users/felipefernandez/trading_signals/venv/lib/python3.9/site-packages/urllib3/__init__.py:35: NotOpenSSLWarning: urllib3 v2 only supports OpenSSL 1.1.1+, currently the 'ssl' module is compiled with 'LibreSSL 2.8.3'. See: https://github.com/urllib3/urllib3/issues/3020
  warnings.warn(

[2026-05-03 06:49:14] Iniciando ciclo automático...
Horario: Mercado cerrado (fin de semana)
Posición: SQM | precio 92.68 | PnL -4.38%
Posición: COPEC | precio 6,303.00 | PnL +3.25%
/Users/felipefernandez/trading_signals/venv/lib/python3.9/site-packages/urllib3/__init__.py:35: NotOpenSSLWarning: urllib3 v2 only supports OpenSSL 1.1.1+, currently the 'ssl' module is compiled with 'LibreSSL 2.8.3'. See: https://github.com/urllib3/urllib3/issues/3020
  warnings.warn(

[2026-05-03 07:33:04] Iniciando ciclo automático...
Horario: Mercado cerrado (fin de semana)
Posición: SQM | precio 92.68 | PnL -4.38%
Posición: COPEC | precio 6,303.00 | PnL +3.25%
/Users/felipefernandez/trading_signals/venv/lib/python3.9/site-packages/urllib3/__init__.py:35: NotOpenSSLWarning: urllib3 v2 only supports OpenSSL 1.1.1+, currently the 'ssl' module is compiled with 'LibreSSL 2.8.3'. See: https://github.com/urllib3/urllib3/issues/3020
  warnings.warn(

[2026-05-03 07:50:22] Iniciando ciclo automático...
Horario: Mercado cerrado (fin de semana)
Posición: SQM | precio 92.68 | PnL -4.38%
Posición: COPEC | precio 6,303.00 | PnL +3.25%
/Users/felipefernandez/trading_signals/venv/lib/python3.9/site-packages/urllib3/__init__.py:35: NotOpenSSLWarning: urllib3 v2 only supports OpenSSL 1.1.1+, currently the 'ssl' module is compiled with 'LibreSSL 2.8.3'. See: https://github.com/urllib3/urllib3/issues/3020
  warnings.warn(

[2026-05-03 13:15:00] Iniciando ciclo automático...
Horario: Mercado cerrado (fin de semana)
Posición: SQM | precio 92.68 | PnL -4.38%
Posición: COPEC | precio 6,303.00 | PnL +3.25%
/Users/felipefernandez/trading_signals/venv/lib/python3.9/site-packages/urllib3/__init__.py:35: NotOpenSSLWarning: urllib3 v2 only supports OpenSSL 1.1.1+, currently the 'ssl' module is compiled with 'LibreSSL 2.8.3'. See: https://github.com/urllib3/urllib3/issues/3020
  warnings.warn(

[2026-05-03 13:30:00] Iniciando ciclo automático...
Horario: Mercado cerrado (fin de semana)
Posición: SQM | precio 92.68 | PnL -4.38%
Posición: COPEC | precio 6,303.00 | PnL +3.25%
